<?xml version="1.0" encoding="UTF-8"?>
<!-- Generated by org.testng.reporters.JUnitReportReporter -->
<testsuite skipped="0" hostname="pc" name="sanity.testcases.testcase_1_Login" tests="1" failures="0" timestamp="2020-04-20T12:12:53 IST" time="6.757" errors="0">
  <testcase name="loginFlipKart" time="6.757" classname="sanity.testcases.testcase_1_Login"/>
  <system-out/>
</testsuite> <!-- sanity.testcases.testcase_1_Login -->
