<?xml version="1.0" encoding="UTF-8"?>
<!-- Generated by org.testng.reporters.JUnitReportReporter -->
<testsuite skipped="0" hostname="pc" name="com.flipkart.Pages.LoginPage" tests="1" failures="0" timestamp="2020-04-20T08:06:39 IST" time="0.017" errors="0">
  <testcase name="initializ_driver" time="0.017" classname="com.flipkart.Pages.LoginPage"/>
  <system-out/>
</testsuite> <!-- com.flipkart.Pages.LoginPage -->
