<?xml version="1.0" encoding="UTF-8"?>
<!-- Generated by org.testng.reporters.JUnitReportReporter -->
<testsuite skipped="0" hostname="pc" name="com.flipkart.Pages.basePage" tests="1" failures="0" timestamp="2020-04-20T08:22:12 IST" time="4.756" errors="0">
  <testcase name="initializ_driver" time="4.756" classname="com.flipkart.Pages.basePage"/>
  <system-out/>
</testsuite> <!-- com.flipkart.Pages.basePage -->
