<?xml version="1.0" encoding="UTF-8"?>
<!-- Generated by org.testng.reporters.JUnitReportReporter -->
<testsuite skipped="0" hostname="pc" name="sanity.testcases.FlipKart_Login" tests="1" failures="0" timestamp="2020-04-20T17:21:04 IST" time="4.996" errors="0">
  <testcase name="TC_01_login_to_FlipKart" time="4.996" classname="sanity.testcases.FlipKart_Login"/>
  <system-out/>
</testsuite> <!-- sanity.testcases.FlipKart_Login -->
