<?xml version="1.0" encoding="UTF-8"?>
<!-- Generated by org.testng.reporters.JUnitReportReporter -->
<testsuite skipped="0" hostname="pc" name="sanity.testcases.HomePageTest" tests="1" failures="0" timestamp="2020-04-20T16:59:21 IST" time="25.420" errors="0">
  <testcase name="Electronics_Items" time="25.420" classname="sanity.testcases.HomePageTest"/>
  <system-out/>
</testsuite> <!-- sanity.testcases.HomePageTest -->
